<?xml version="1.0" encoding="UTF-8"?><testsuite errors="1" failures="0" name="Validate error meaasage in office page" skipped="0" tests="3" time="315.17" timestamp="2019-03-20 10:23:35"><testcase name="Log into the GSA website as createDepartment"/><testcase name="Validation on empty field in request office page"/><testcase name="Validation on office address error messages"><error message="Expected condition failed: waiting for visibility of element located by By.xpath: //*[@id=&quot;FinancialAssistanceAwards&quot;] (tried for 30 second(s) with 500 milliseconds interval)&#10;Build info: version: '3.11.0', revision: 'e59cfb3', time: '2018-03-11T20:26:55.152Z'&#10;System info: host: 'I04TCC-GF1041', ip: '172.28.0.119', os.name: 'Windows 7', os.arch: 'amd64', os.version: '6.1', java.version: '1.8.0_191'&#10;Driver info: net.thucydides.core.webdriver.WebDriverFacade&#10;Build info: version: '3.11.0', revision: 'e59cfb3', time: '2018-03-11T20:26:55.152Z'&#10;System info: host: 'I04TCC-GF1041', ip: '172.28.0.119', os.name: 'Windows 7', os.arch: 'amd64', os.version: '6.1', java.version: '1.8.0_191'&#10;Driver info: driver.version: unknown" type="org.openqa.selenium.TimeoutException">Expected condition failed: waiting for visibility of element located by By.xpath: //*[@id="FinancialAssistanceAwards"] (tried for 30 second(s) with 500 milliseconds interval)
Build info: version: '3.11.0', revision: 'e59cfb3', time: '2018-03-11T20:26:55.152Z'
System info: host: 'I04TCC-GF1041', ip: '172.28.0.119', os.name: 'Windows 7', os.arch: 'amd64', os.version: '6.1', java.version: '1.8.0_191'
Driver info: net.thucydides.core.webdriver.WebDriverFacade
Build info: version: '3.11.0', revision: 'e59cfb3', time: '2018-03-11T20:26:55.152Z'
System info: host: 'I04TCC-GF1041', ip: '172.28.0.119', os.name: 'Windows 7', os.arch: 'amd64', os.version: '6.1', java.version: '1.8.0_191'
Driver info: driver.version: unknown</error><system-err>Expected condition failed: waiting for visibility of element located by By.xpath: //*[@id="FinancialAssistanceAwards"] (tried for 30 second(s) with 500 milliseconds interval)
Build info: version: '3.11.0', revision: 'e59cfb3', time: '2018-03-11T20:26:55.152Z'
System info: host: 'I04TCC-GF1041', ip: '172.28.0.119', os.name: 'Windows 7', os.arch: 'amd64', os.version: '6.1', java.version: '1.8.0_191'
Driver info: net.thucydides.core.webdriver.WebDriverFacade
Build info: version: '3.11.0', revision: 'e59cfb3', time: '2018-03-11T20:26:55.152Z'
System info: host: 'I04TCC-GF1041', ip: '172.28.0.119', os.name: 'Windows 7', os.arch: 'amd64', os.version: '6.1', java.version: '1.8.0_191'
Driver info: driver.version: unknown&#13;
gov.gsa.sam.stepdefinition.CreateOfficeStepDef.The_user_select_office_type_grants(CreateOfficeStepDef.java:1130)&#13;
✽.The user select office type Financial Awards (src/test/resources/features/negRequestOffice.feature:242)&#13;
</system-err></testcase></testsuite>