<?xml version="1.0" encoding="UTF-8"?><testsuite errors="0" failures="0" name="FeedBack" skipped="0" tests="8" time="471.21" timestamp="2019-03-22 09:27:11"><testcase name="Submit the Provide feedback without filling the form from the home page"/><testcase name="Cancel the Provide feedback without filling the form from the home page"/><testcase name="Cancel the Provide feedback by filling one answer in the form from the home page"/><testcase name="Provide feedback from the home page"/><testcase name="Submit provide feedback without filling one answer from the learning center"/><testcase name="confirm provide feedback from the learning center"/><testcase name="Cancel the provide feedback from the learning center"/><testcase name="Click on Form Approved OMB#3090-0297 Exp. Date 07/31/2019 from Home page"/></testsuite>