<?xml version="1.0" encoding="UTF-8"?><testsuite errors="0" failures="0" name="Account Details validation and API key functionality" skipped="0" tests="5" time="1698.84" timestamp="2019-05-29 06:30:14"><testcase name="only the latest otp should work to validate api key generation in profile page"/><testcase name="correct otp should work to validate api key generation in profile page"/><testcase name="newly signedup fed user should see request api button instead of show apikey in profile page"/><testcase name="otp for apikey generation should be valid for twenty minutes only"/><testcase name="correct otp should work to validate api key generation in profile page for nonfed"/></testsuite>